0 info it worked if it ends with ok
1 verbose cli [ '/usr/local/Cellar/node/7.4.0/bin/node',
1 verbose cli   '/usr/local/bin/npm',
1 verbose cli   'run',
1 verbose cli   'prod_start' ]
2 info using npm@4.0.5
3 info using node@v7.4.0
4 verbose run-script [ 'preprod_start', 'prod_start', 'postprod_start' ]
5 info lifecycle cointelmob@0.1.0~preprod_start: cointelmob@0.1.0
6 silly lifecycle cointelmob@0.1.0~preprod_start: no script for preprod_start, continuing
7 info lifecycle cointelmob@0.1.0~prod_start: cointelmob@0.1.0
8 verbose lifecycle cointelmob@0.1.0~prod_start: unsafe-perm in lifecycle true
9 verbose lifecycle cointelmob@0.1.0~prod_start: PATH: /usr/local/lib/node_modules/npm/bin/node-gyp-bin:/Users/ggt/independent/node-quandl/node_modules/.bin:/usr/local/bin:/usr/bin:/bin:/usr/sbin:/sbin:/opt/X11/bin
10 verbose lifecycle cointelmob@0.1.0~prod_start: CWD: /Users/ggt/independent/node-quandl
11 silly lifecycle cointelmob@0.1.0~prod_start: Args: [ '-c', 'node server/app.js' ]
12 silly lifecycle cointelmob@0.1.0~prod_start: Returned: code: 1  signal: null
13 info lifecycle cointelmob@0.1.0~prod_start: Failed to exec prod_start script
14 verbose stack Error: cointelmob@0.1.0 prod_start: `node server/app.js`
14 verbose stack Exit status 1
14 verbose stack     at EventEmitter.<anonymous> (/usr/local/lib/node_modules/npm/lib/utils/lifecycle.js:279:16)
14 verbose stack     at emitTwo (events.js:106:13)
14 verbose stack     at EventEmitter.emit (events.js:191:7)
14 verbose stack     at ChildProcess.<anonymous> (/usr/local/lib/node_modules/npm/lib/utils/spawn.js:40:14)
14 verbose stack     at emitTwo (events.js:106:13)
14 verbose stack     at ChildProcess.emit (events.js:191:7)
14 verbose stack     at maybeClose (internal/child_process.js:885:16)
14 verbose stack     at Process.ChildProcess._handle.onexit (internal/child_process.js:226:5)
15 verbose pkgid cointelmob@0.1.0
16 verbose cwd /Users/ggt/independent/node-quandl
17 error Darwin 16.6.0
18 error argv "/usr/local/Cellar/node/7.4.0/bin/node" "/usr/local/bin/npm" "run" "prod_start"
19 error node v7.4.0
20 error npm  v4.0.5
21 error code ELIFECYCLE
22 error cointelmob@0.1.0 prod_start: `node server/app.js`
22 error Exit status 1
23 error Failed at the cointelmob@0.1.0 prod_start script 'node server/app.js'.
23 error Make sure you have the latest version of node.js and npm installed.
23 error If you do, this is most likely a problem with the cointelmob package,
23 error not with npm itself.
23 error Tell the author that this fails on your system:
23 error     node server/app.js
23 error You can get information on how to open an issue for this project with:
23 error     npm bugs cointelmob
23 error Or if that isn't available, you can get their info via:
23 error     npm owner ls cointelmob
23 error There is likely additional logging output above.
24 verbose exit [ 1, true ]
